<?xml version="1.0" encoding="UTF-8"?>
<!-- Generated by org.testng.reporters.JUnitReportReporter -->
<testsuite skipped="0" hostname="Arun-PC" name="com.zoopla.tests.HomePageTest" tests="2" failures="0" timestamp="23 Aug 2019 10:16:49 GMT" time="39.841" errors="0">
  <testcase name="verifyhomePageTitleTest" time="7.963" classname="com.zoopla.tests.HomePageTest"/>
  <testcase name="verifyForSalePageLocationTest" time="31.878" classname="com.zoopla.tests.HomePageTest"/>
</testsuite> <!-- com.zoopla.tests.HomePageTest -->
