<?xml version="1.0" encoding="UTF-8"?>
<!-- Generated by org.testng.reporters.JUnitReportReporter -->
<testsuite skipped="0" hostname="LAPTOP-UFQCNOCD" name="com.zoopla.tests.PropertyDtilPageTest" tests="1" failures="0" timestamp="06 Apr 2019 07:43:10 GMT" time="204.685" errors="0">
  <testcase name="getAgentdetailsTest" time="204.685" classname="com.zoopla.tests.PropertyDtilPageTest"/>
</testsuite> <!-- com.zoopla.tests.PropertyDtilPageTest -->
