<?xml version="1.0" encoding="UTF-8"?>
<!-- Generated by org.testng.reporters.JUnitReportReporter -->
<testsuite skipped="0" hostname="LAPTOP-UFQCNOCD" name="com.zoopla.tests.ForSalePageTest" tests="1" failures="0" timestamp="06 Apr 2019 07:39:19 GMT" time="45.647" errors="0">
  <testcase name="getAllPropertiesPriceReverseTest" time="45.647" classname="com.zoopla.tests.ForSalePageTest"/>
</testsuite> <!-- com.zoopla.tests.ForSalePageTest -->
