<?xml version="1.0" encoding="UTF-8"?>
<!-- Generated by org.testng.reporters.JUnitReportReporter -->
<testsuite skipped="0" hostname="LAPTOP-UFQCNOCD" name="com.zoopla.tests.AgentPageTest" tests="1" failures="0" timestamp="06 Apr 2019 06:42:13 GMT" time="54.200" errors="0">
  <testcase name="verifyAgentNameTest" time="54.200" classname="com.zoopla.tests.AgentPageTest"/>
</testsuite> <!-- com.zoopla.tests.AgentPageTest -->
