<?xml version="1.0" encoding="UTF-8"?>
<!-- Generated by org.testng.reporters.JUnitReportReporter -->
<testsuite skipped="0" hostname="LAPTOP-UFQCNOCD" name="com.zoopla.tests.HomePageTest" tests="2" failures="0" timestamp="06 Apr 2019 06:42:13 GMT" time="83.098" errors="0">
  <testcase name="verifyhomePageTitleTest" time="38.986" classname="com.zoopla.tests.HomePageTest"/>
  <testcase name="verifyForSalePageLocationTest" time="44.112" classname="com.zoopla.tests.HomePageTest"/>
</testsuite> <!-- com.zoopla.tests.HomePageTest -->
